2023-12-06T12:59:31+00:00 ERROR Error getting data feed
2023-12-06T12:59:31+00:00 ERROR WP_Error Object
(
    [errors] => Array
        (
            [http_request_failed] => Array
                (
                    [0] => cURL error 6: Could not resolve host: woocommerce.com
                )

        )

    [error_data] => Array
        (
        )

    [additional_data:protected] => Array
        (
        )

)

2023-12-06T12:59:31+00:00 ERROR Error getting data feed
2023-12-06T12:59:31+00:00 ERROR WP_Error Object
(
    [errors] => Array
        (
            [http_request_failed] => Array
                (
                    [0] => cURL error 6: Could not resolve host: woocommerce.com
                )

        )

    [error_data] => Array
        (
        )

    [additional_data:protected] => Array
        (
        )

)

2023-12-06T12:59:31+00:00 ERROR Error getting data feed
2023-12-06T12:59:31+00:00 ERROR WP_Error Object
(
    [errors] => Array
        (
            [http_request_failed] => Array
                (
                    [0] => cURL error 6: Could not resolve host: woocommerce.com
                )

        )

    [error_data] => Array
        (
        )

    [additional_data:protected] => Array
        (
        )

)

2023-12-06T12:59:32+00:00 ERROR Error getting data feed
2023-12-06T12:59:32+00:00 ERROR WP_Error Object
(
    [errors] => Array
        (
            [http_request_failed] => Array
                (
                    [0] => cURL error 6: Could not resolve host: woocommerce.com
                )

        )

    [error_data] => Array
        (
        )

    [additional_data:protected] => Array
        (
        )

)

2023-12-06T12:59:33+00:00 ERROR Error getting data feed
2023-12-06T12:59:33+00:00 ERROR WP_Error Object
(
    [errors] => Array
        (
            [http_request_failed] => Array
                (
                    [0] => cURL error 6: Could not resolve host: woocommerce.com
                )

        )

    [error_data] => Array
        (
        )

    [additional_data:protected] => Array
        (
        )

)

2023-12-06T12:59:33+00:00 ERROR Error getting data feed
2023-12-06T12:59:33+00:00 ERROR WP_Error Object
(
    [errors] => Array
        (
            [http_request_failed] => Array
                (
                    [0] => cURL error 6: Could not resolve host: woocommerce.com
                )

        )

    [error_data] => Array
        (
        )

    [additional_data:protected] => Array
        (
        )

)

2023-12-06T12:59:33+00:00 ERROR Error getting data feed
2023-12-06T12:59:33+00:00 ERROR WP_Error Object
(
    [errors] => Array
        (
            [http_request_failed] => Array
                (
                    [0] => cURL error 6: Could not resolve host: woocommerce.com
                )

        )

    [error_data] => Array
        (
        )

    [additional_data:protected] => Array
        (
        )

)

2023-12-06T12:59:34+00:00 ERROR Error getting data feed
2023-12-06T12:59:34+00:00 ERROR WP_Error Object
(
    [errors] => Array
        (
            [http_request_failed] => Array
                (
                    [0] => cURL error 6: Could not resolve host: woocommerce.com
                )

        )

    [error_data] => Array
        (
        )

    [additional_data:protected] => Array
        (
        )

)

2023-12-06T12:59:37+00:00 ERROR Error getting data feed
2023-12-06T12:59:37+00:00 ERROR WP_Error Object
(
    [errors] => Array
        (
            [http_request_failed] => Array
                (
                    [0] => cURL error 6: Could not resolve host: woocommerce.com
                )

        )

    [error_data] => Array
        (
        )

    [additional_data:protected] => Array
        (
        )

)

2023-12-06T12:59:37+00:00 ERROR Error getting data feed
2023-12-06T12:59:37+00:00 ERROR WP_Error Object
(
    [errors] => Array
        (
            [http_request_failed] => Array
                (
                    [0] => cURL error 6: Could not resolve host: woocommerce.com
                )

        )

    [error_data] => Array
        (
        )

    [additional_data:protected] => Array
        (
        )

)

2023-12-06T12:59:37+00:00 ERROR Error getting data feed
2023-12-06T12:59:37+00:00 ERROR WP_Error Object
(
    [errors] => Array
        (
            [http_request_failed] => Array
                (
                    [0] => cURL error 6: Could not resolve host: woocommerce.com
                )

        )

    [error_data] => Array
        (
        )

    [additional_data:protected] => Array
        (
        )

)

2023-12-06T12:59:37+00:00 ERROR Error getting data feed
2023-12-06T12:59:37+00:00 ERROR WP_Error Object
(
    [errors] => Array
        (
            [http_request_failed] => Array
                (
                    [0] => cURL error 6: Could not resolve host: woocommerce.com
                )

        )

    [error_data] => Array
        (
        )

    [additional_data:protected] => Array
        (
        )

)

2023-12-06T12:59:37+00:00 ERROR Error getting data feed
2023-12-06T12:59:37+00:00 ERROR WP_Error Object
(
    [errors] => Array
        (
            [http_request_failed] => Array
                (
                    [0] => cURL error 6: Could not resolve host: woocommerce.com
                )

        )

    [error_data] => Array
        (
        )

    [additional_data:protected] => Array
        (
        )

)

2023-12-06T12:59:37+00:00 ERROR Error getting data feed
2023-12-06T12:59:37+00:00 ERROR WP_Error Object
(
    [errors] => Array
        (
            [http_request_failed] => Array
                (
                    [0] => cURL error 6: Could not resolve host: woocommerce.com
                )

        )

    [error_data] => Array
        (
        )

    [additional_data:protected] => Array
        (
        )

)

2023-12-06T12:59:37+00:00 ERROR Error getting data feed
2023-12-06T12:59:37+00:00 ERROR WP_Error Object
(
    [errors] => Array
        (
            [http_request_failed] => Array
                (
                    [0] => cURL error 6: Could not resolve host: woocommerce.com
                )

        )

    [error_data] => Array
        (
        )

    [additional_data:protected] => Array
        (
        )

)

2023-12-06T13:03:18+00:00 ERROR Error getting data feed
2023-12-06T13:03:18+00:00 ERROR WP_Error Object
(
    [errors] => Array
        (
            [http_request_failed] => Array
                (
                    [0] => cURL error 6: Could not resolve host: woocommerce.com
                )

        )

    [error_data] => Array
        (
        )

    [additional_data:protected] => Array
        (
        )

)

2023-12-06T13:03:18+00:00 ERROR Error getting data feed
2023-12-06T13:03:18+00:00 ERROR WP_Error Object
(
    [errors] => Array
        (
            [http_request_failed] => Array
                (
                    [0] => cURL error 6: Could not resolve host: woocommerce.com
                )

        )

    [error_data] => Array
        (
        )

    [additional_data:protected] => Array
        (
        )

)

2023-12-06T13:03:18+00:00 ERROR Error getting data feed
2023-12-06T13:03:18+00:00 ERROR WP_Error Object
(
    [errors] => Array
        (
            [http_request_failed] => Array
                (
                    [0] => cURL error 6: Could not resolve host: woocommerce.com
                )

        )

    [error_data] => Array
        (
        )

    [additional_data:protected] => Array
        (
        )

)

2023-12-06T13:03:19+00:00 ERROR Error getting data feed
2023-12-06T13:03:19+00:00 ERROR WP_Error Object
(
    [errors] => Array
        (
            [http_request_failed] => Array
                (
                    [0] => cURL error 6: Could not resolve host: woocommerce.com
                )

        )

    [error_data] => Array
        (
        )

    [additional_data:protected] => Array
        (
        )

)

2023-12-06T13:03:21+00:00 ERROR Error getting data feed
2023-12-06T13:03:21+00:00 ERROR WP_Error Object
(
    [errors] => Array
        (
            [http_request_failed] => Array
                (
                    [0] => cURL error 6: Could not resolve host: woocommerce.com
                )

        )

    [error_data] => Array
        (
        )

    [additional_data:protected] => Array
        (
        )

)

2023-12-06T13:03:21+00:00 ERROR Error getting data feed
2023-12-06T13:03:21+00:00 ERROR WP_Error Object
(
    [errors] => Array
        (
            [http_request_failed] => Array
                (
                    [0] => cURL error 6: Could not resolve host: woocommerce.com
                )

        )

    [error_data] => Array
        (
        )

    [additional_data:protected] => Array
        (
        )

)

2023-12-06T13:03:21+00:00 ERROR Error getting data feed
2023-12-06T13:03:21+00:00 ERROR WP_Error Object
(
    [errors] => Array
        (
            [http_request_failed] => Array
                (
                    [0] => cURL error 6: Could not resolve host: woocommerce.com
                )

        )

    [error_data] => Array
        (
        )

    [additional_data:protected] => Array
        (
        )

)

2023-12-06T13:03:21+00:00 ERROR Error getting data feed
2023-12-06T13:03:21+00:00 ERROR WP_Error Object
(
    [errors] => Array
        (
            [http_request_failed] => Array
                (
                    [0] => cURL error 6: Could not resolve host: woocommerce.com
                )

        )

    [error_data] => Array
        (
        )

    [additional_data:protected] => Array
        (
        )

)

2023-12-06T13:03:21+00:00 ERROR Error getting data feed
2023-12-06T13:03:21+00:00 ERROR WP_Error Object
(
    [errors] => Array
        (
            [http_request_failed] => Array
                (
                    [0] => cURL error 6: Could not resolve host: woocommerce.com
                )

        )

    [error_data] => Array
        (
        )

    [additional_data:protected] => Array
        (
        )

)

2023-12-06T13:03:21+00:00 ERROR Error getting data feed
2023-12-06T13:03:21+00:00 ERROR WP_Error Object
(
    [errors] => Array
        (
            [http_request_failed] => Array
                (
                    [0] => cURL error 6: Could not resolve host: woocommerce.com
                )

        )

    [error_data] => Array
        (
        )

    [additional_data:protected] => Array
        (
        )

)

2023-12-06T13:03:21+00:00 ERROR Error getting data feed
2023-12-06T13:03:21+00:00 ERROR WP_Error Object
(
    [errors] => Array
        (
            [http_request_failed] => Array
                (
                    [0] => cURL error 6: Could not resolve host: woocommerce.com
                )

        )

    [error_data] => Array
        (
        )

    [additional_data:protected] => Array
        (
        )

)

2023-12-06T13:03:37+00:00 ERROR Error getting data feed
2023-12-06T13:03:37+00:00 ERROR WP_Error Object
(
    [errors] => Array
        (
            [http_request_failed] => Array
                (
                    [0] => cURL error 6: Could not resolve host: woocommerce.com
                )

        )

    [error_data] => Array
        (
        )

    [additional_data:protected] => Array
        (
        )

)

2023-12-06T13:03:37+00:00 ERROR Error getting data feed
2023-12-06T13:03:37+00:00 ERROR WP_Error Object
(
    [errors] => Array
        (
            [http_request_failed] => Array
                (
                    [0] => cURL error 6: Could not resolve host: woocommerce.com
                )

        )

    [error_data] => Array
        (
        )

    [additional_data:protected] => Array
        (
        )

)

2023-12-06T13:03:37+00:00 ERROR Error getting data feed
2023-12-06T13:03:37+00:00 ERROR WP_Error Object
(
    [errors] => Array
        (
            [http_request_failed] => Array
                (
                    [0] => cURL error 6: Could not resolve host: woocommerce.com
                )

        )

    [error_data] => Array
        (
        )

    [additional_data:protected] => Array
        (
        )

)

2023-12-06T13:03:37+00:00 ERROR Error getting data feed
2023-12-06T13:03:37+00:00 ERROR WP_Error Object
(
    [errors] => Array
        (
            [http_request_failed] => Array
                (
                    [0] => cURL error 6: Could not resolve host: woocommerce.com
                )

        )

    [error_data] => Array
        (
        )

    [additional_data:protected] => Array
        (
        )

)

2023-12-06T13:03:39+00:00 ERROR Error getting data feed
2023-12-06T13:03:39+00:00 ERROR WP_Error Object
(
    [errors] => Array
        (
            [http_request_failed] => Array
                (
                    [0] => cURL error 6: Could not resolve host: woocommerce.com
                )

        )

    [error_data] => Array
        (
        )

    [additional_data:protected] => Array
        (
        )

)

2023-12-06T13:03:39+00:00 ERROR Error getting data feed
2023-12-06T13:03:39+00:00 ERROR WP_Error Object
(
    [errors] => Array
        (
            [http_request_failed] => Array
                (
                    [0] => cURL error 6: Could not resolve host: woocommerce.com
                )

        )

    [error_data] => Array
        (
        )

    [additional_data:protected] => Array
        (
        )

)

2023-12-06T13:03:39+00:00 ERROR Error getting data feed
2023-12-06T13:03:39+00:00 ERROR WP_Error Object
(
    [errors] => Array
        (
            [http_request_failed] => Array
                (
                    [0] => cURL error 6: Could not resolve host: woocommerce.com
                )

        )

    [error_data] => Array
        (
        )

    [additional_data:protected] => Array
        (
        )

)

2023-12-06T13:03:39+00:00 ERROR Error getting data feed
2023-12-06T13:03:39+00:00 ERROR WP_Error Object
(
    [errors] => Array
        (
            [http_request_failed] => Array
                (
                    [0] => cURL error 6: Could not resolve host: woocommerce.com
                )

        )

    [error_data] => Array
        (
        )

    [additional_data:protected] => Array
        (
        )

)

2023-12-06T13:03:39+00:00 ERROR Error getting data feed
2023-12-06T13:03:39+00:00 ERROR WP_Error Object
(
    [errors] => Array
        (
            [http_request_failed] => Array
                (
                    [0] => cURL error 6: Could not resolve host: woocommerce.com
                )

        )

    [error_data] => Array
        (
        )

    [additional_data:protected] => Array
        (
        )

)

2023-12-06T13:03:39+00:00 ERROR Error getting data feed
2023-12-06T13:03:39+00:00 ERROR WP_Error Object
(
    [errors] => Array
        (
            [http_request_failed] => Array
                (
                    [0] => cURL error 6: Could not resolve host: woocommerce.com
                )

        )

    [error_data] => Array
        (
        )

    [additional_data:protected] => Array
        (
        )

)

2023-12-06T13:03:39+00:00 ERROR Error getting data feed
2023-12-06T13:03:39+00:00 ERROR WP_Error Object
(
    [errors] => Array
        (
            [http_request_failed] => Array
                (
                    [0] => cURL error 6: Could not resolve host: woocommerce.com
                )

        )

    [error_data] => Array
        (
        )

    [additional_data:protected] => Array
        (
        )

)

2023-12-06T13:04:15+00:00 ERROR Error getting data feed
2023-12-06T13:04:15+00:00 ERROR WP_Error Object
(
    [errors] => Array
        (
            [http_request_failed] => Array
                (
                    [0] => cURL error 6: Could not resolve host: woocommerce.com
                )

        )

    [error_data] => Array
        (
        )

    [additional_data:protected] => Array
        (
        )

)

2023-12-06T13:04:15+00:00 ERROR Error getting data feed
2023-12-06T13:04:15+00:00 ERROR WP_Error Object
(
    [errors] => Array
        (
            [http_request_failed] => Array
                (
                    [0] => cURL error 6: Could not resolve host: woocommerce.com
                )

        )

    [error_data] => Array
        (
        )

    [additional_data:protected] => Array
        (
        )

)

2023-12-06T13:04:15+00:00 ERROR Error getting data feed
2023-12-06T13:04:15+00:00 ERROR WP_Error Object
(
    [errors] => Array
        (
            [http_request_failed] => Array
                (
                    [0] => cURL error 6: Could not resolve host: woocommerce.com
                )

        )

    [error_data] => Array
        (
        )

    [additional_data:protected] => Array
        (
        )

)

2023-12-06T13:04:16+00:00 ERROR Error getting data feed
2023-12-06T13:04:16+00:00 ERROR WP_Error Object
(
    [errors] => Array
        (
            [http_request_failed] => Array
                (
                    [0] => cURL error 6: Could not resolve host: woocommerce.com
                )

        )

    [error_data] => Array
        (
        )

    [additional_data:protected] => Array
        (
        )

)

2023-12-06T13:04:16+00:00 ERROR Error getting data feed
2023-12-06T13:04:16+00:00 ERROR WP_Error Object
(
    [errors] => Array
        (
            [http_request_failed] => Array
                (
                    [0] => cURL error 6: Could not resolve host: woocommerce.com
                )

        )

    [error_data] => Array
        (
        )

    [additional_data:protected] => Array
        (
        )

)

2023-12-06T13:04:16+00:00 ERROR Error getting data feed
2023-12-06T13:04:16+00:00 ERROR WP_Error Object
(
    [errors] => Array
        (
            [http_request_failed] => Array
                (
                    [0] => cURL error 6: Could not resolve host: woocommerce.com
                )

        )

    [error_data] => Array
        (
        )

    [additional_data:protected] => Array
        (
        )

)

2023-12-06T13:04:17+00:00 ERROR Error getting data feed
2023-12-06T13:04:17+00:00 ERROR WP_Error Object
(
    [errors] => Array
        (
            [http_request_failed] => Array
                (
                    [0] => cURL error 6: Could not resolve host: woocommerce.com
                )

        )

    [error_data] => Array
        (
        )

    [additional_data:protected] => Array
        (
        )

)

2023-12-06T13:04:19+00:00 ERROR Error getting data feed
2023-12-06T13:04:19+00:00 ERROR WP_Error Object
(
    [errors] => Array
        (
            [http_request_failed] => Array
                (
                    [0] => cURL error 6: Could not resolve host: woocommerce.com
                )

        )

    [error_data] => Array
        (
        )

    [additional_data:protected] => Array
        (
        )

)

2023-12-06T13:04:19+00:00 ERROR Error getting data feed
2023-12-06T13:04:19+00:00 ERROR WP_Error Object
(
    [errors] => Array
        (
            [http_request_failed] => Array
                (
                    [0] => cURL error 6: Could not resolve host: woocommerce.com
                )

        )

    [error_data] => Array
        (
        )

    [additional_data:protected] => Array
        (
        )

)

2023-12-06T13:04:19+00:00 ERROR Error getting data feed
2023-12-06T13:04:19+00:00 ERROR WP_Error Object
(
    [errors] => Array
        (
            [http_request_failed] => Array
                (
                    [0] => cURL error 6: Could not resolve host: woocommerce.com
                )

        )

    [error_data] => Array
        (
        )

    [additional_data:protected] => Array
        (
        )

)

2023-12-06T13:04:19+00:00 ERROR Error getting data feed
2023-12-06T13:04:19+00:00 ERROR WP_Error Object
(
    [errors] => Array
        (
            [http_request_failed] => Array
                (
                    [0] => cURL error 6: Could not resolve host: woocommerce.com
                )

        )

    [error_data] => Array
        (
        )

    [additional_data:protected] => Array
        (
        )

)

2023-12-06T13:04:19+00:00 ERROR Error getting data feed
2023-12-06T13:04:19+00:00 ERROR WP_Error Object
(
    [errors] => Array
        (
            [http_request_failed] => Array
                (
                    [0] => cURL error 6: Could not resolve host: woocommerce.com
                )

        )

    [error_data] => Array
        (
        )

    [additional_data:protected] => Array
        (
        )

)

2023-12-06T13:04:19+00:00 ERROR Error getting data feed
2023-12-06T13:04:19+00:00 ERROR WP_Error Object
(
    [errors] => Array
        (
            [http_request_failed] => Array
                (
                    [0] => cURL error 6: Could not resolve host: woocommerce.com
                )

        )

    [error_data] => Array
        (
        )

    [additional_data:protected] => Array
        (
        )

)

2023-12-06T13:04:19+00:00 ERROR Error getting data feed
2023-12-06T13:04:19+00:00 ERROR WP_Error Object
(
    [errors] => Array
        (
            [http_request_failed] => Array
                (
                    [0] => cURL error 6: Could not resolve host: woocommerce.com
                )

        )

    [error_data] => Array
        (
        )

    [additional_data:protected] => Array
        (
        )

)

2023-12-06T13:05:54+00:00 ERROR Error getting data feed
2023-12-06T13:05:54+00:00 ERROR WP_Error Object
(
    [errors] => Array
        (
            [http_request_failed] => Array
                (
                    [0] => cURL error 6: Could not resolve host: woocommerce.com
                )

        )

    [error_data] => Array
        (
        )

    [additional_data:protected] => Array
        (
        )

)

2023-12-06T13:05:54+00:00 ERROR Error getting data feed
2023-12-06T13:05:54+00:00 ERROR WP_Error Object
(
    [errors] => Array
        (
            [http_request_failed] => Array
                (
                    [0] => cURL error 6: Could not resolve host: woocommerce.com
                )

        )

    [error_data] => Array
        (
        )

    [additional_data:protected] => Array
        (
        )

)

2023-12-06T13:05:54+00:00 ERROR Error getting data feed
2023-12-06T13:05:54+00:00 ERROR WP_Error Object
(
    [errors] => Array
        (
            [http_request_failed] => Array
                (
                    [0] => cURL error 6: Could not resolve host: woocommerce.com
                )

        )

    [error_data] => Array
        (
        )

    [additional_data:protected] => Array
        (
        )

)

2023-12-06T13:05:54+00:00 ERROR Error getting data feed
2023-12-06T13:05:54+00:00 ERROR WP_Error Object
(
    [errors] => Array
        (
            [http_request_failed] => Array
                (
                    [0] => cURL error 6: Could not resolve host: woocommerce.com
                )

        )

    [error_data] => Array
        (
        )

    [additional_data:protected] => Array
        (
        )

)

2023-12-06T13:05:56+00:00 ERROR Error getting data feed
2023-12-06T13:05:56+00:00 ERROR WP_Error Object
(
    [errors] => Array
        (
            [http_request_failed] => Array
                (
                    [0] => cURL error 6: Could not resolve host: woocommerce.com
                )

        )

    [error_data] => Array
        (
        )

    [additional_data:protected] => Array
        (
        )

)

2023-12-06T13:05:56+00:00 ERROR Error getting data feed
2023-12-06T13:05:56+00:00 ERROR WP_Error Object
(
    [errors] => Array
        (
            [http_request_failed] => Array
                (
                    [0] => cURL error 6: Could not resolve host: woocommerce.com
                )

        )

    [error_data] => Array
        (
        )

    [additional_data:protected] => Array
        (
        )

)

2023-12-06T13:05:56+00:00 ERROR Error getting data feed
2023-12-06T13:05:56+00:00 ERROR WP_Error Object
(
    [errors] => Array
        (
            [http_request_failed] => Array
                (
                    [0] => cURL error 6: Could not resolve host: woocommerce.com
                )

        )

    [error_data] => Array
        (
        )

    [additional_data:protected] => Array
        (
        )

)

2023-12-06T13:05:56+00:00 ERROR Error getting data feed
2023-12-06T13:05:56+00:00 ERROR WP_Error Object
(
    [errors] => Array
        (
            [http_request_failed] => Array
                (
                    [0] => cURL error 6: Could not resolve host: woocommerce.com
                )

        )

    [error_data] => Array
        (
        )

    [additional_data:protected] => Array
        (
        )

)

2023-12-06T13:05:58+00:00 ERROR Error getting data feed
2023-12-06T13:05:58+00:00 ERROR WP_Error Object
(
    [errors] => Array
        (
            [http_request_failed] => Array
                (
                    [0] => cURL error 6: Could not resolve host: woocommerce.com
                )

        )

    [error_data] => Array
        (
        )

    [additional_data:protected] => Array
        (
        )

)

2023-12-06T13:05:58+00:00 ERROR Error getting data feed
2023-12-06T13:05:58+00:00 ERROR WP_Error Object
(
    [errors] => Array
        (
            [http_request_failed] => Array
                (
                    [0] => cURL error 6: Could not resolve host: woocommerce.com
                )

        )

    [error_data] => Array
        (
        )

    [additional_data:protected] => Array
        (
        )

)

2023-12-06T13:05:58+00:00 ERROR Error getting data feed
2023-12-06T13:05:58+00:00 ERROR WP_Error Object
(
    [errors] => Array
        (
            [http_request_failed] => Array
                (
                    [0] => cURL error 6: Could not resolve host: woocommerce.com
                )

        )

    [error_data] => Array
        (
        )

    [additional_data:protected] => Array
        (
        )

)

2023-12-06T13:05:58+00:00 ERROR Error getting data feed
2023-12-06T13:05:58+00:00 ERROR WP_Error Object
(
    [errors] => Array
        (
            [http_request_failed] => Array
                (
                    [0] => cURL error 6: Could not resolve host: woocommerce.com
                )

        )

    [error_data] => Array
        (
        )

    [additional_data:protected] => Array
        (
        )

)

2023-12-06T13:05:58+00:00 ERROR Error getting data feed
2023-12-06T13:05:58+00:00 ERROR WP_Error Object
(
    [errors] => Array
        (
            [http_request_failed] => Array
                (
                    [0] => cURL error 6: Could not resolve host: woocommerce.com
                )

        )

    [error_data] => Array
        (
        )

    [additional_data:protected] => Array
        (
        )

)

2023-12-06T13:05:58+00:00 ERROR Error getting data feed
2023-12-06T13:05:58+00:00 ERROR WP_Error Object
(
    [errors] => Array
        (
            [http_request_failed] => Array
                (
                    [0] => cURL error 6: Could not resolve host: woocommerce.com
                )

        )

    [error_data] => Array
        (
        )

    [additional_data:protected] => Array
        (
        )

)

2023-12-06T13:05:58+00:00 ERROR Error getting data feed
2023-12-06T13:05:58+00:00 ERROR WP_Error Object
(
    [errors] => Array
        (
            [http_request_failed] => Array
                (
                    [0] => cURL error 6: Could not resolve host: woocommerce.com
                )

        )

    [error_data] => Array
        (
        )

    [additional_data:protected] => Array
        (
        )

)

2023-12-06T13:11:33+00:00 ERROR Error getting data feed
2023-12-06T13:11:33+00:00 ERROR WP_Error Object
(
    [errors] => Array
        (
            [http_request_failed] => Array
                (
                    [0] => cURL error 6: Could not resolve host: woocommerce.com
                )

        )

    [error_data] => Array
        (
        )

    [additional_data:protected] => Array
        (
        )

)

2023-12-06T13:11:33+00:00 ERROR Error getting data feed
2023-12-06T13:11:33+00:00 ERROR WP_Error Object
(
    [errors] => Array
        (
            [http_request_failed] => Array
                (
                    [0] => cURL error 6: Could not resolve host: woocommerce.com
                )

        )

    [error_data] => Array
        (
        )

    [additional_data:protected] => Array
        (
        )

)

2023-12-06T13:11:33+00:00 ERROR Error getting data feed
2023-12-06T13:11:33+00:00 ERROR WP_Error Object
(
    [errors] => Array
        (
            [http_request_failed] => Array
                (
                    [0] => cURL error 6: Could not resolve host: woocommerce.com
                )

        )

    [error_data] => Array
        (
        )

    [additional_data:protected] => Array
        (
        )

)

2023-12-06T13:11:49+00:00 ERROR Error getting data feed
2023-12-06T13:11:49+00:00 ERROR WP_Error Object
(
    [errors] => Array
        (
            [http_request_failed] => Array
                (
                    [0] => cURL error 6: Could not resolve host: woocommerce.com
                )

        )

    [error_data] => Array
        (
        )

    [additional_data:protected] => Array
        (
        )

)

2023-12-06T13:11:49+00:00 ERROR Error getting data feed
2023-12-06T13:11:49+00:00 ERROR WP_Error Object
(
    [errors] => Array
        (
            [http_request_failed] => Array
                (
                    [0] => cURL error 6: Could not resolve host: woocommerce.com
                )

        )

    [error_data] => Array
        (
        )

    [additional_data:protected] => Array
        (
        )

)

2023-12-06T13:11:49+00:00 ERROR Error getting data feed
2023-12-06T13:11:49+00:00 ERROR WP_Error Object
(
    [errors] => Array
        (
            [http_request_failed] => Array
                (
                    [0] => cURL error 6: Could not resolve host: woocommerce.com
                )

        )

    [error_data] => Array
        (
        )

    [additional_data:protected] => Array
        (
        )

)

2023-12-06T13:11:55+00:00 ERROR Error getting data feed
2023-12-06T13:11:55+00:00 ERROR WP_Error Object
(
    [errors] => Array
        (
            [http_request_failed] => Array
                (
                    [0] => cURL error 6: Could not resolve host: woocommerce.com
                )

        )

    [error_data] => Array
        (
        )

    [additional_data:protected] => Array
        (
        )

)

2023-12-06T13:12:20+00:00 ERROR Error getting data feed
2023-12-06T13:12:20+00:00 ERROR WP_Error Object
(
    [errors] => Array
        (
            [http_request_failed] => Array
                (
                    [0] => cURL error 6: Could not resolve host: woocommerce.com
                )

        )

    [error_data] => Array
        (
        )

    [additional_data:protected] => Array
        (
        )

)

2023-12-06T13:12:20+00:00 ERROR Error getting data feed
2023-12-06T13:12:20+00:00 ERROR WP_Error Object
(
    [errors] => Array
        (
            [http_request_failed] => Array
                (
                    [0] => cURL error 6: Could not resolve host: woocommerce.com
                )

        )

    [error_data] => Array
        (
        )

    [additional_data:protected] => Array
        (
        )

)

2023-12-06T13:12:20+00:00 ERROR Error getting data feed
2023-12-06T13:12:20+00:00 ERROR WP_Error Object
(
    [errors] => Array
        (
            [http_request_failed] => Array
                (
                    [0] => cURL error 6: Could not resolve host: woocommerce.com
                )

        )

    [error_data] => Array
        (
        )

    [additional_data:protected] => Array
        (
        )

)

2023-12-06T13:12:21+00:00 ERROR Error getting data feed
2023-12-06T13:12:21+00:00 ERROR WP_Error Object
(
    [errors] => Array
        (
            [http_request_failed] => Array
                (
                    [0] => cURL error 6: Could not resolve host: woocommerce.com
                )

        )

    [error_data] => Array
        (
        )

    [additional_data:protected] => Array
        (
        )

)

2023-12-06T13:12:21+00:00 ERROR Error getting data feed
2023-12-06T13:12:21+00:00 ERROR WP_Error Object
(
    [errors] => Array
        (
            [http_request_failed] => Array
                (
                    [0] => cURL error 6: Could not resolve host: woocommerce.com
                )

        )

    [error_data] => Array
        (
        )

    [additional_data:protected] => Array
        (
        )

)

2023-12-06T13:12:21+00:00 ERROR Error getting data feed
2023-12-06T13:12:21+00:00 ERROR WP_Error Object
(
    [errors] => Array
        (
            [http_request_failed] => Array
                (
                    [0] => cURL error 6: Could not resolve host: woocommerce.com
                )

        )

    [error_data] => Array
        (
        )

    [additional_data:protected] => Array
        (
        )

)

2023-12-06T13:12:22+00:00 ERROR Error getting data feed
2023-12-06T13:12:22+00:00 ERROR WP_Error Object
(
    [errors] => Array
        (
            [http_request_failed] => Array
                (
                    [0] => cURL error 6: Could not resolve host: woocommerce.com
                )

        )

    [error_data] => Array
        (
        )

    [additional_data:protected] => Array
        (
        )

)

2023-12-06T13:40:10+00:00 ERROR Error getting data feed
2023-12-06T13:40:10+00:00 ERROR WP_Error Object
(
    [errors] => Array
        (
            [http_request_failed] => Array
                (
                    [0] => cURL error 6: Could not resolve host: woocommerce.com
                )

        )

    [error_data] => Array
        (
        )

    [additional_data:protected] => Array
        (
        )

)

2023-12-06T13:40:10+00:00 ERROR Error getting data feed
2023-12-06T13:40:10+00:00 ERROR WP_Error Object
(
    [errors] => Array
        (
            [http_request_failed] => Array
                (
                    [0] => cURL error 6: Could not resolve host: woocommerce.com
                )

        )

    [error_data] => Array
        (
        )

    [additional_data:protected] => Array
        (
        )

)

2023-12-06T13:40:10+00:00 ERROR Error getting data feed
2023-12-06T13:40:10+00:00 ERROR WP_Error Object
(
    [errors] => Array
        (
            [http_request_failed] => Array
                (
                    [0] => cURL error 6: Could not resolve host: woocommerce.com
                )

        )

    [error_data] => Array
        (
        )

    [additional_data:protected] => Array
        (
        )

)

2023-12-06T13:40:12+00:00 ERROR Error getting data feed
2023-12-06T13:40:12+00:00 ERROR WP_Error Object
(
    [errors] => Array
        (
            [http_request_failed] => Array
                (
                    [0] => cURL error 6: Could not resolve host: woocommerce.com
                )

        )

    [error_data] => Array
        (
        )

    [additional_data:protected] => Array
        (
        )

)

2023-12-06T13:40:13+00:00 ERROR Error getting data feed
2023-12-06T13:40:13+00:00 ERROR WP_Error Object
(
    [errors] => Array
        (
            [http_request_failed] => Array
                (
                    [0] => cURL error 6: Could not resolve host: woocommerce.com
                )

        )

    [error_data] => Array
        (
        )

    [additional_data:protected] => Array
        (
        )

)

2023-12-06T13:40:13+00:00 ERROR Error getting data feed
2023-12-06T13:40:13+00:00 ERROR WP_Error Object
(
    [errors] => Array
        (
            [http_request_failed] => Array
                (
                    [0] => cURL error 6: Could not resolve host: woocommerce.com
                )

        )

    [error_data] => Array
        (
        )

    [additional_data:protected] => Array
        (
        )

)

2023-12-06T13:40:13+00:00 ERROR Error getting data feed
2023-12-06T13:40:13+00:00 ERROR WP_Error Object
(
    [errors] => Array
        (
            [http_request_failed] => Array
                (
                    [0] => cURL error 6: Could not resolve host: woocommerce.com
                )

        )

    [error_data] => Array
        (
        )

    [additional_data:protected] => Array
        (
        )

)

2023-12-06T13:40:13+00:00 ERROR Error getting data feed
2023-12-06T13:40:13+00:00 ERROR WP_Error Object
(
    [errors] => Array
        (
            [http_request_failed] => Array
                (
                    [0] => cURL error 6: Could not resolve host: woocommerce.com
                )

        )

    [error_data] => Array
        (
        )

    [additional_data:protected] => Array
        (
        )

)

2023-12-06T13:40:16+00:00 ERROR Error getting data feed
2023-12-06T13:40:16+00:00 ERROR WP_Error Object
(
    [errors] => Array
        (
            [http_request_failed] => Array
                (
                    [0] => cURL error 6: Could not resolve host: woocommerce.com
                )

        )

    [error_data] => Array
        (
        )

    [additional_data:protected] => Array
        (
        )

)

2023-12-06T13:40:16+00:00 ERROR Error getting data feed
2023-12-06T13:40:16+00:00 ERROR WP_Error Object
(
    [errors] => Array
        (
            [http_request_failed] => Array
                (
                    [0] => cURL error 6: Could not resolve host: woocommerce.com
                )

        )

    [error_data] => Array
        (
        )

    [additional_data:protected] => Array
        (
        )

)

2023-12-06T13:40:16+00:00 ERROR Error getting data feed
2023-12-06T13:40:16+00:00 ERROR WP_Error Object
(
    [errors] => Array
        (
            [http_request_failed] => Array
                (
                    [0] => cURL error 6: Could not resolve host: woocommerce.com
                )

        )

    [error_data] => Array
        (
        )

    [additional_data:protected] => Array
        (
        )

)

2023-12-06T13:40:16+00:00 ERROR Error getting data feed
2023-12-06T13:40:16+00:00 ERROR WP_Error Object
(
    [errors] => Array
        (
            [http_request_failed] => Array
                (
                    [0] => cURL error 6: Could not resolve host: woocommerce.com
                )

        )

    [error_data] => Array
        (
        )

    [additional_data:protected] => Array
        (
        )

)

2023-12-06T13:40:16+00:00 ERROR Error getting data feed
2023-12-06T13:40:16+00:00 ERROR WP_Error Object
(
    [errors] => Array
        (
            [http_request_failed] => Array
                (
                    [0] => cURL error 6: Could not resolve host: woocommerce.com
                )

        )

    [error_data] => Array
        (
        )

    [additional_data:protected] => Array
        (
        )

)

2023-12-06T13:40:16+00:00 ERROR Error getting data feed
2023-12-06T13:40:16+00:00 ERROR WP_Error Object
(
    [errors] => Array
        (
            [http_request_failed] => Array
                (
                    [0] => cURL error 6: Could not resolve host: woocommerce.com
                )

        )

    [error_data] => Array
        (
        )

    [additional_data:protected] => Array
        (
        )

)

2023-12-06T13:40:16+00:00 ERROR Error getting data feed
2023-12-06T13:40:16+00:00 ERROR WP_Error Object
(
    [errors] => Array
        (
            [http_request_failed] => Array
                (
                    [0] => cURL error 6: Could not resolve host: woocommerce.com
                )

        )

    [error_data] => Array
        (
        )

    [additional_data:protected] => Array
        (
        )

)

2023-12-06T13:40:28+00:00 ERROR Error getting data feed
2023-12-06T13:40:28+00:00 ERROR WP_Error Object
(
    [errors] => Array
        (
            [http_request_failed] => Array
                (
                    [0] => cURL error 6: Could not resolve host: woocommerce.com
                )

        )

    [error_data] => Array
        (
        )

    [additional_data:protected] => Array
        (
        )

)

2023-12-06T13:40:28+00:00 ERROR Error getting data feed
2023-12-06T13:40:28+00:00 ERROR WP_Error Object
(
    [errors] => Array
        (
            [http_request_failed] => Array
                (
                    [0] => cURL error 6: Could not resolve host: woocommerce.com
                )

        )

    [error_data] => Array
        (
        )

    [additional_data:protected] => Array
        (
        )

)

2023-12-06T13:40:28+00:00 ERROR Error getting data feed
2023-12-06T13:40:28+00:00 ERROR WP_Error Object
(
    [errors] => Array
        (
            [http_request_failed] => Array
                (
                    [0] => cURL error 6: Could not resolve host: woocommerce.com
                )

        )

    [error_data] => Array
        (
        )

    [additional_data:protected] => Array
        (
        )

)

2023-12-06T13:41:05+00:00 ERROR Error getting data feed
2023-12-06T13:41:05+00:00 ERROR WP_Error Object
(
    [errors] => Array
        (
            [http_request_failed] => Array
                (
                    [0] => cURL error 28: Operation timed out after 5000 milliseconds with 0 bytes received
                )

        )

    [error_data] => Array
        (
        )

    [additional_data:protected] => Array
        (
        )

)

2023-12-06T16:01:40+00:00 ERROR Error getting data feed
2023-12-06T16:01:40+00:00 ERROR WP_Error Object
(
    [errors] => Array
        (
            [http_request_failed] => Array
                (
                    [0] => cURL error 6: Could not resolve host: woocommerce.com
                )

        )

    [error_data] => Array
        (
        )

    [additional_data:protected] => Array
        (
        )

)

